<?xml version="1.0" encoding="UTF-8"?>
<testsuite name="com.nttdata.pgp.PgpApplicationTests" tests="1" skipped="0" failures="0" errors="0" timestamp="2023-02-07T01:58:57" hostname="Y7LRR6W93GMBP" time="0.157">
  <properties/>
  <testcase name="contextLoads()" classname="com.nttdata.pgp.PgpApplicationTests" time="0.157"/>
  <system-out><![CDATA[19:58:56.700 [Test worker] DEBUG org.springframework.boot.test.context.SpringBootTestContextBootstrapper - Neither @ContextConfiguration nor @ContextHierarchy found for test class [PgpApplicationTests]: using SpringBootContextLoader
19:58:56.703 [Test worker] DEBUG org.springframework.test.context.support.AbstractContextLoader - Could not detect default resource locations for test class [com.nttdata.pgp.PgpApplicationTests]: no resource found for suffixes {-context.xml, Context.groovy}.
19:58:56.703 [Test worker] INFO org.springframework.test.context.support.AnnotationConfigContextLoaderUtils - Could not detect default configuration classes for test class [com.nttdata.pgp.PgpApplicationTests]: PgpApplicationTests does not declare any static, non-private, non-final, nested classes annotated with @Configuration.
19:58:56.712 [Test worker] DEBUG org.springframework.boot.test.context.SpringBootTestContextBootstrapper - Using ContextCustomizers for test class [PgpApplicationTests]: [DisableObservabilityContextCustomizer, PropertyMappingContextCustomizer, Customizer, ExcludeFilterContextCustomizer, DuplicateJsonObjectContextCustomizer, MockitoContextCustomizer, TestRestTemplateContextCustomizer]
19:58:56.738 [Test worker] DEBUG org.springframework.context.annotation.ClassPathScanningCandidateComponentProvider - Identified candidate component class: file [/Users/SXC8A99/Downloads/pgp/build/classes/java/main/com/nttdata/pgp/PgpApplication.class]
19:58:56.739 [Test worker] INFO org.springframework.boot.test.context.SpringBootTestContextBootstrapper - Found @SpringBootConfiguration com.nttdata.pgp.PgpApplication for test class com.nttdata.pgp.PgpApplicationTests
19:58:56.770 [Test worker] DEBUG org.springframework.test.context.util.TestContextSpringFactoriesUtils - Skipping candidate TestExecutionListener [org.springframework.test.context.web.ServletTestExecutionListener] due to a missing dependency. Specify custom TestExecutionListener classes or make the default TestExecutionListener classes and their required dependencies available. Offending class: [jakarta/servlet/ServletContext]
19:58:56.771 [Test worker] DEBUG org.springframework.test.context.util.TestContextSpringFactoriesUtils - Skipping candidate TestExecutionListener [org.springframework.test.context.transaction.TransactionalTestExecutionListener] due to a missing dependency. Specify custom TestExecutionListener classes or make the default TestExecutionListener classes and their required dependencies available. Offending class: [org/springframework/transaction/interceptor/TransactionAttributeSource]
19:58:56.772 [Test worker] DEBUG org.springframework.test.context.util.TestContextSpringFactoriesUtils - Skipping candidate TestExecutionListener [org.springframework.test.context.jdbc.SqlScriptsTestExecutionListener] due to a missing dependency. Specify custom TestExecutionListener classes or make the default TestExecutionListener classes and their required dependencies available. Offending class: [org/springframework/transaction/interceptor/TransactionAttribute]
19:58:56.773 [Test worker] DEBUG org.springframework.boot.test.context.SpringBootTestContextBootstrapper - Using TestExecutionListeners for test class [PgpApplicationTests]: [DirtiesContextBeforeModesTestExecutionListener, ApplicationEventsTestExecutionListener, MockitoTestExecutionListener, DependencyInjectionTestExecutionListener, DirtiesContextTestExecutionListener, EventPublishingTestExecutionListener, RestDocsTestExecutionListener, MockRestServiceServerResetTestExecutionListener, MockMvcPrintOnlyOnFailureTestExecutionListener, WebDriverTestExecutionListener, MockWebServiceServerTestExecutionListener, ResetMocksTestExecutionListener]
19:58:56.773 [Test worker] DEBUG org.springframework.test.context.support.AbstractDirtiesContextTestExecutionListener - Before test class: class [PgpApplicationTests], class annotated with @DirtiesContext [false] with mode [null]
19:58:56.778 [Test worker] DEBUG org.springframework.test.context.support.DependencyInjectionTestExecutionListener - Performing dependency injection for test class com.nttdata.pgp.PgpApplicationTests

  .   ____          _            __ _ _
 /\\ / ___'_ __ _ _(_)_ __  __ _ \ \ \ \
( ( )\___ | '_ | '_| | '_ \/ _` | \ \ \ \
 \\/  ___)| |_)| | | | | || (_| |  ) ) ) )
  '  |____| .__|_| |_|_| |_\__, | / / / /
 =========|_|==============|___/=/_/_/_/
 :: Spring Boot ::                (v3.0.2)

2023-02-06T19:58:56.894-06:00  INFO 70674 --- [    Test worker] com.nttdata.pgp.PgpApplicationTests      : Starting PgpApplicationTests using Java 17.0.6 with PID 70674 (started by SXC8A99 in /Users/SXC8A99/Downloads/pgp)
2023-02-06T19:58:56.895-06:00  INFO 70674 --- [    Test worker] com.nttdata.pgp.PgpApplicationTests      : No active profile set, falling back to 1 default profile: "default"
2023-02-06T19:58:57.086-06:00  INFO 70674 --- [    Test worker] com.nttdata.pgp.PgpApplicationTests      : Started PgpApplicationTests in 0.291 seconds (process running for 0.785)
]]></system-out>
  <system-err><![CDATA[]]></system-err>
</testsuite>
